Line 77: Class TabDlg.SSTab of control SSTab1 was not a loaded control class.
Line 141: Class MSDataGridLib.DataGrid of control dgJenisPendidikan was not a loaded control class.
Line 298: Class MSDataGridLib.DataGrid of control dgPendidikan was not a loaded control class.
Line 365: Class MSDataListLib.DataCombo of control dcJenisPendidikan was not a loaded control class.
Line 512: Class MSDataGridLib.DataGrid of control dgKualifikasi was not a loaded control class.
Line 579: Class MSDataListLib.DataCombo of control dcPendidikan was not a loaded control class.
Line 657: Class ShockwaveFlashObjectsCtl.ShockwaveFlash of control Flash1 was not a loaded control class.
Line 83: The property name _ExtentX in SSTab1 is invalid.
Line 84: The property name _ExtentY in SSTab1 is invalid.
Line 85: The property name _Version in SSTab1 is invalid.
Line 86: The property name Tab in SSTab1 is invalid.
Line 87: The property name TabHeight in SSTab1 is invalid.
Line 97: The property name TabCaption(0) in SSTab1 is invalid.
Line 98: The property name TabPicture(0) in SSTab1 is invalid.
Line 99: The property name Tab(0).ControlEnabled in SSTab1 is invalid.
Line 100: The property name Tab(0).Control(0) in SSTab1 is invalid.
Line 101: The property name Tab(0).Control(0).Enabled in SSTab1 is invalid.
Line 102: The property name Tab(0).ControlCount in SSTab1 is invalid.
Line 103: The property name TabCaption(1) in SSTab1 is invalid.
Line 104: The property name TabPicture(1) in SSTab1 is invalid.
Line 105: The property name Tab(1).ControlEnabled in SSTab1 is invalid.
Line 106: The property name Tab(1).Control(0) in SSTab1 is invalid.
Line 107: The property name Tab(1).Control(0).Enabled in SSTab1 is invalid.
Line 108: The property name Tab(1).ControlCount in SSTab1 is invalid.
Line 109: The property name TabCaption(2) in SSTab1 is invalid.
Line 110: The property name TabPicture(2) in SSTab1 is invalid.
Line 111: The property name Tab(2).ControlEnabled in SSTab1 is invalid.
Line 112: The property name Tab(2).Control(0) in SSTab1 is invalid.
Line 113: The property name Tab(2).Control(0).Enabled in SSTab1 is invalid.
Line 114: The property name Tab(2).ControlCount in SSTab1 is invalid.
Line 147: The property name _ExtentX in dgJenisPendidikan is invalid.
Line 148: The property name _ExtentY in dgJenisPendidikan is invalid.
Line 149: The property name _Version in dgJenisPendidikan is invalid.
Line 150: The property name AllowUpdate in dgJenisPendidikan is invalid.
Line 151: The property name HeadLines in dgJenisPendidikan is invalid.
Line 152: The property name RowHeight in dgJenisPendidikan is invalid.
Line 161: The property name HeadFont in dgJenisPendidikan is invalid.
Line 171: The property name ColumnCount in dgJenisPendidikan is invalid.
Line 184: The property name Column00 in dgJenisPendidikan is invalid.
Line 197: The property name Column01 in dgJenisPendidikan is invalid.
Line 198: The property name SplitCount in dgJenisPendidikan is invalid.
Line 206: The property name Split0 in dgJenisPendidikan is invalid.
Line 304: The property name _ExtentX in dgPendidikan is invalid.
Line 305: The property name _ExtentY in dgPendidikan is invalid.
Line 306: The property name _Version in dgPendidikan is invalid.
Line 307: The property name AllowUpdate in dgPendidikan is invalid.
Line 308: The property name HeadLines in dgPendidikan is invalid.
Line 309: The property name RowHeight in dgPendidikan is invalid.
Line 318: The property name HeadFont in dgPendidikan is invalid.
Line 328: The property name ColumnCount in dgPendidikan is invalid.
Line 341: The property name Column00 in dgPendidikan is invalid.
Line 354: The property name Column01 in dgPendidikan is invalid.
Line 355: The property name SplitCount in dgPendidikan is invalid.
Line 363: The property name Split0 in dgPendidikan is invalid.
Line 371: The property name _ExtentX in dcJenisPendidikan is invalid.
Line 372: The property name _ExtentY in dcJenisPendidikan is invalid.
Line 373: The property name _Version in dcJenisPendidikan is invalid.
Line 375: The property name Text in dcJenisPendidikan is invalid.
Line 518: The property name _ExtentX in dgKualifikasi is invalid.
Line 519: The property name _ExtentY in dgKualifikasi is invalid.
Line 520: The property name _Version in dgKualifikasi is invalid.
Line 521: The property name AllowUpdate in dgKualifikasi is invalid.
Line 522: The property name HeadLines in dgKualifikasi is invalid.
Line 523: The property name RowHeight in dgKualifikasi is invalid.
Line 532: The property name HeadFont in dgKualifikasi is invalid.
Line 542: The property name ColumnCount in dgKualifikasi is invalid.
Line 555: The property name Column00 in dgKualifikasi is invalid.
Line 568: The property name Column01 in dgKualifikasi is invalid.
Line 569: The property name SplitCount in dgKualifikasi is invalid.
Line 577: The property name Split0 in dgKualifikasi is invalid.
Line 585: The property name _ExtentX in dcPendidikan is invalid.
Line 586: The property name _ExtentY in dcPendidikan is invalid.
Line 587: The property name _Version in dcPendidikan is invalid.
Line 589: The property name Text in dcPendidikan is invalid.
Line 663: The property name _cx in Flash1 is invalid.
Line 664: The property name _cy in Flash1 is invalid.
Line 665: The property name FlashVars in Flash1 is invalid.
Line 666: The property name Movie in Flash1 is invalid.
Line 667: The property name Src in Flash1 is invalid.
Line 668: The property name WMode in Flash1 is invalid.
Line 669: The property name Play in Flash1 is invalid.
Line 670: The property name Loop in Flash1 is invalid.
Line 671: The property name Quality in Flash1 is invalid.
Line 672: The property name SAlign in Flash1 is invalid.
Line 673: The property name Menu in Flash1 is invalid.
Line 674: The property name Base in Flash1 is invalid.
Line 675: The property name AllowScriptAccess in Flash1 is invalid.
Line 676: The property name Scale in Flash1 is invalid.
Line 677: The property name DeviceFont in Flash1 is invalid.
Line 678: The property name EmbedMovie in Flash1 is invalid.
Line 679: The property name BGColor in Flash1 is invalid.
Line 680: The property name SWRemote in Flash1 is invalid.
Line 681: The property name MovieData in Flash1 is invalid.
Line 682: The property name SeamlessTabbing in Flash1 is invalid.
Line 683: The property name Profile in Flash1 is invalid.
Line 684: The property name ProfileAddress in Flash1 is invalid.
Line 685: The property name ProfilePort in Flash1 is invalid.
